<?xml version="1.0" encoding="UTF-8"?>
<testsuite xmlns:xsi="http://www.w3.org/2001/XMLSchema-instance" xsi:noNamespaceSchemaLocation="https://maven.apache.org/surefire/maven-surefire-plugin/xsd/surefire-test-report-3.0.xsd" version="3.0" name="org.example.model.RoomTest" time="0.028" tests="4" errors="0" skipped="0" failures="0">
  <properties>
[...]
</properties>
  <testcase name="testBedCreation" classname="org.example.model.RoomTest" time="0.018"/>
  <testcase name="testToString" classname="org.example.model.RoomTest" time="0.001"/>
  <testcase name="testOccupancyCounts" classname="org.example.model.RoomTest" time="0.001"/>
  <testcase name="testRoomInitialization" classname="org.example.model.RoomTest" time="0.001"/>
</testsuite>